<?xml version="1.0" encoding="UTF-8"?>
<coverage generated="1774542816">
  <project timestamp="1774542816" name="Clover Coverage">
    <package name="App\Helpers\Trait">
      <file name="/home/ailton/Workspaces/Hug/Boilerplates/backend-app/app/Helpers/Trait/Auditable.php">
        <class name="App\Helpers\Trait\Auditable" namespace="App\Helpers\Trait">
          <metrics complexity="1" methods="1" coveredmethods="1" conditionals="0" coveredconditionals="0" statements="10" coveredstatements="10" elements="11" coveredelements="11"/>
        </class>
        <line num="9" type="method" name="audit" visibility="protected" complexity="1" crap="1" count="21"/>
        <line num="11" type="stmt" count="21"/>
        <line num="13" type="stmt" count="21"/>
        <line num="14" type="stmt" count="21"/>
        <line num="15" type="stmt" count="21"/>
        <line num="16" type="stmt" count="21"/>
        <line num="17" type="stmt" count="21"/>
        <line num="18" type="stmt" count="21"/>
        <line num="19" type="stmt" count="21"/>
        <line num="20" type="stmt" count="21"/>
        <line num="21" type="stmt" count="21"/>
        <metrics loc="24" ncloc="24" classes="1" methods="1" coveredmethods="1" conditionals="0" coveredconditionals="0" statements="10" coveredstatements="10" elements="11" coveredelements="11"/>
      </file>
      <file name="/home/ailton/Workspaces/Hug/Boilerplates/backend-app/app/Helpers/Trait/Cacheable.php">
        <class name="App\Helpers\Trait\Cacheable" namespace="App\Helpers\Trait">
          <metrics complexity="7" methods="6" coveredmethods="6" conditionals="0" coveredconditionals="0" statements="10" coveredstatements="10" elements="16" coveredelements="16"/>
        </class>
        <line num="12" type="method" name="setCachePrefix" visibility="protected" complexity="1" crap="1" count="7"/>
        <line num="14" type="stmt" count="7"/>
        <line num="16" type="stmt" count="7"/>
        <line num="19" type="method" name="setCache" visibility="protected" complexity="1" crap="1" count="3"/>
        <line num="21" type="stmt" count="3"/>
        <line num="24" type="method" name="getCache" visibility="protected" complexity="1" crap="1" count="2"/>
        <line num="26" type="stmt" count="2"/>
        <line num="29" type="method" name="hasCache" visibility="protected" complexity="1" crap="1" count="3"/>
        <line num="31" type="stmt" count="3"/>
        <line num="34" type="method" name="forgetCache" visibility="protected" complexity="1" crap="1" count="1"/>
        <line num="36" type="stmt" count="1"/>
        <line num="39" type="method" name="makeCacheKey" visibility="protected" complexity="2" crap="2" count="8"/>
        <line num="41" type="stmt" count="8"/>
        <line num="42" type="stmt" count="1"/>
        <line num="45" type="stmt" count="7"/>
        <line num="47" type="stmt" count="7"/>
        <metrics loc="50" ncloc="50" classes="1" methods="6" coveredmethods="6" conditionals="0" coveredconditionals="0" statements="10" coveredstatements="10" elements="16" coveredelements="16"/>
      </file>
      <file name="/home/ailton/Workspaces/Hug/Boilerplates/backend-app/app/Helpers/Trait/Logger.php">
        <class name="App\Helpers\Trait\Logger" namespace="App\Helpers\Trait">
          <metrics complexity="5" methods="5" coveredmethods="5" conditionals="0" coveredconditionals="0" statements="8" coveredstatements="8" elements="13" coveredelements="13"/>
        </class>
        <line num="9" type="method" name="getDefaultMessage" visibility="private" complexity="1" crap="1" count="12"/>
        <line num="11" type="stmt" count="12"/>
        <line num="13" type="stmt" count="12"/>
        <line num="14" type="stmt" count="12"/>
        <line num="16" type="stmt" count="12"/>
        <line num="19" type="method" name="writeInfo" visibility="public" complexity="1" crap="1" count="9"/>
        <line num="21" type="stmt" count="9"/>
        <line num="24" type="method" name="writeError" visibility="public" complexity="1" crap="1" count="1"/>
        <line num="26" type="stmt" count="1"/>
        <line num="29" type="method" name="writeDebug" visibility="public" complexity="1" crap="1" count="1"/>
        <line num="31" type="stmt" count="1"/>
        <line num="34" type="method" name="writeWarning" visibility="public" complexity="1" crap="1" count="4"/>
        <line num="36" type="stmt" count="4"/>
        <metrics loc="39" ncloc="39" classes="1" methods="5" coveredmethods="5" conditionals="0" coveredconditionals="0" statements="8" coveredstatements="8" elements="13" coveredelements="13"/>
      </file>
    </package>
    <package name="App\Http\Controllers\Admin">
      <file name="/home/ailton/Workspaces/Hug/Boilerplates/backend-app/app/Http/Controllers/Admin/AuditLogController.php">
        <class name="App\Http\Controllers\Admin\AuditLogController" namespace="App\Http\Controllers\Admin">
          <metrics complexity="2" methods="2" coveredmethods="2" conditionals="0" coveredconditionals="0" statements="12" coveredstatements="12" elements="14" coveredelements="14"/>
        </class>
        <line num="13" type="method" name="index" visibility="public" complexity="1" crap="1" count="5"/>
        <line num="15" type="stmt" count="5"/>
        <line num="16" type="stmt" count="5"/>
        <line num="17" type="stmt" count="5"/>
        <line num="18" type="stmt" count="5"/>
        <line num="19" type="stmt" count="5"/>
        <line num="20" type="stmt" count="5"/>
        <line num="21" type="stmt" count="5"/>
        <line num="22" type="stmt" count="5"/>
        <line num="23" type="stmt" count="5"/>
        <line num="25" type="stmt" count="5"/>
        <line num="28" type="method" name="show" visibility="public" complexity="1" crap="1" count="2"/>
        <line num="30" type="stmt" count="2"/>
        <line num="32" type="stmt" count="1"/>
        <metrics loc="35" ncloc="35" classes="1" methods="2" coveredmethods="2" conditionals="0" coveredconditionals="0" statements="12" coveredstatements="12" elements="14" coveredelements="14"/>
      </file>
      <file name="/home/ailton/Workspaces/Hug/Boilerplates/backend-app/app/Http/Controllers/Admin/PermissionController.php">
        <class name="App\Http\Controllers\Admin\PermissionController" namespace="App\Http\Controllers\Admin">
          <metrics complexity="2" methods="2" coveredmethods="2" conditionals="0" coveredconditionals="0" statements="4" coveredstatements="4" elements="6" coveredelements="6"/>
        </class>
        <line num="12" type="method" name="index" visibility="public" complexity="1" crap="1" count="1"/>
        <line num="14" type="stmt" count="1"/>
        <line num="16" type="stmt" count="1"/>
        <line num="19" type="method" name="show" visibility="public" complexity="1" crap="1" count="2"/>
        <line num="21" type="stmt" count="2"/>
        <line num="23" type="stmt" count="1"/>
        <metrics loc="26" ncloc="26" classes="1" methods="2" coveredmethods="2" conditionals="0" coveredconditionals="0" statements="4" coveredstatements="4" elements="6" coveredelements="6"/>
      </file>
      <file name="/home/ailton/Workspaces/Hug/Boilerplates/backend-app/app/Http/Controllers/Admin/RoleController.php">
        <class name="App\Http\Controllers\Admin\RoleController" namespace="App\Http\Controllers\Admin">
          <metrics complexity="9" methods="6" coveredmethods="6" conditionals="0" coveredconditionals="0" statements="36" coveredstatements="36" elements="42" coveredelements="42"/>
        </class>
        <line num="17" type="method" name="index" visibility="public" complexity="1" crap="1" count="1"/>
        <line num="19" type="stmt" count="1"/>
        <line num="21" type="stmt" count="1"/>
        <line num="24" type="method" name="store" visibility="public" complexity="1" crap="1" count="2"/>
        <line num="26" type="stmt" count="2"/>
        <line num="27" type="stmt" count="2"/>
        <line num="28" type="stmt" count="2"/>
        <line num="29" type="stmt" count="2"/>
        <line num="31" type="stmt" count="2"/>
        <line num="33" type="stmt" count="2"/>
        <line num="34" type="stmt" count="2"/>
        <line num="35" type="stmt" count="2"/>
        <line num="38" type="method" name="show" visibility="public" complexity="1" crap="1" count="2"/>
        <line num="40" type="stmt" count="2"/>
        <line num="42" type="stmt" count="1"/>
        <line num="45" type="method" name="update" visibility="public" complexity="2" crap="2" count="3"/>
        <line num="47" type="stmt" count="3"/>
        <line num="49" type="stmt" count="3"/>
        <line num="50" type="stmt" count="1"/>
        <line num="51" type="stmt" count="1"/>
        <line num="52" type="stmt" count="1"/>
        <line num="55" type="stmt" count="2"/>
        <line num="57" type="stmt" count="2"/>
        <line num="59" type="stmt" count="2"/>
        <line num="62" type="method" name="destroy" visibility="public" complexity="2" crap="2" count="3"/>
        <line num="64" type="stmt" count="3"/>
        <line num="66" type="stmt" count="3"/>
        <line num="67" type="stmt" count="1"/>
        <line num="68" type="stmt" count="1"/>
        <line num="69" type="stmt" count="1"/>
        <line num="72" type="stmt" count="2"/>
        <line num="74" type="stmt" count="2"/>
        <line num="76" type="stmt" count="2"/>
        <line num="79" type="method" name="syncPermissions" visibility="public" complexity="2" crap="2" count="3"/>
        <line num="81" type="stmt" count="3"/>
        <line num="83" type="stmt" count="3"/>
        <line num="84" type="stmt" count="1"/>
        <line num="85" type="stmt" count="1"/>
        <line num="86" type="stmt" count="1"/>
        <line num="89" type="stmt" count="2"/>
        <line num="91" type="stmt" count="2"/>
        <line num="93" type="stmt" count="2"/>
        <metrics loc="96" ncloc="96" classes="1" methods="6" coveredmethods="6" conditionals="0" coveredconditionals="0" statements="36" coveredstatements="36" elements="42" coveredelements="42"/>
      </file>
      <file name="/home/ailton/Workspaces/Hug/Boilerplates/backend-app/app/Http/Controllers/Admin/UserController.php">
        <class name="App\Http\Controllers\Admin\UserController" namespace="App\Http\Controllers\Admin">
          <metrics complexity="11" methods="7" coveredmethods="7" conditionals="0" coveredconditionals="0" statements="37" coveredstatements="37" elements="44" coveredelements="44"/>
        </class>
        <line num="18" type="method" name="index" visibility="public" complexity="1" crap="1" count="1"/>
        <line num="20" type="stmt" count="1"/>
        <line num="21" type="stmt" count="1"/>
        <line num="23" type="stmt" count="1"/>
        <line num="26" type="method" name="store" visibility="public" complexity="1" crap="1" count="2"/>
        <line num="28" type="stmt" count="2"/>
        <line num="30" type="stmt" count="2"/>
        <line num="32" type="stmt" count="2"/>
        <line num="33" type="stmt" count="2"/>
        <line num="34" type="stmt" count="2"/>
        <line num="37" type="method" name="show" visibility="public" complexity="1" crap="1" count="2"/>
        <line num="39" type="stmt" count="2"/>
        <line num="41" type="stmt" count="1"/>
        <line num="44" type="method" name="update" visibility="public" complexity="2" crap="2" count="3"/>
        <line num="46" type="stmt" count="3"/>
        <line num="48" type="stmt" count="3"/>
        <line num="50" type="stmt" count="3"/>
        <line num="51" type="stmt" count="3"/>
        <line num="54" type="stmt" count="3"/>
        <line num="56" type="stmt" count="3"/>
        <line num="58" type="stmt" count="3"/>
        <line num="61" type="method" name="destroy" visibility="public" complexity="2" crap="2" count="3"/>
        <line num="63" type="stmt" count="3"/>
        <line num="65" type="stmt" count="3"/>
        <line num="66" type="stmt" count="1"/>
        <line num="67" type="stmt" count="1"/>
        <line num="68" type="stmt" count="1"/>
        <line num="71" type="stmt" count="2"/>
        <line num="73" type="stmt" count="2"/>
        <line num="75" type="stmt" count="2"/>
        <line num="78" type="method" name="syncRoles" visibility="public" complexity="3" crap="3" count="2"/>
        <line num="80" type="stmt" count="2"/>
        <line num="82" type="stmt" count="2"/>
        <line num="83" type="stmt" count="1"/>
        <line num="84" type="stmt" count="1"/>
        <line num="85" type="stmt" count="1"/>
        <line num="88" type="stmt" count="1"/>
        <line num="90" type="stmt" count="1"/>
        <line num="92" type="stmt" count="1"/>
        <line num="95" type="method" name="syncPermissions" visibility="public" complexity="1" crap="1" count="1"/>
        <line num="97" type="stmt" count="1"/>
        <line num="99" type="stmt" count="1"/>
        <line num="101" type="stmt" count="1"/>
        <line num="103" type="stmt" count="1"/>
        <metrics loc="106" ncloc="106" classes="1" methods="7" coveredmethods="7" conditionals="0" coveredconditionals="0" statements="37" coveredstatements="37" elements="44" coveredelements="44"/>
      </file>
    </package>
    <package name="App\Http\Controllers\Auth">
      <file name="/home/ailton/Workspaces/Hug/Boilerplates/backend-app/app/Http/Controllers/Auth/AuthController.php">
        <class name="App\Http\Controllers\Auth\AuthController" namespace="App\Http\Controllers\Auth">
          <metrics complexity="6" methods="3" coveredmethods="3" conditionals="0" coveredconditionals="0" statements="27" coveredstatements="27" elements="30" coveredelements="30"/>
        </class>
        <line num="22" type="method" name="login" visibility="public" complexity="4" crap="4" count="6"/>
        <line num="24" type="stmt" count="6"/>
        <line num="26" type="stmt" count="6"/>
        <line num="28" type="stmt" count="6"/>
        <line num="29" type="stmt" count="2"/>
        <line num="31" type="stmt" count="2"/>
        <line num="32" type="stmt" count="2"/>
        <line num="33" type="stmt" count="2"/>
        <line num="36" type="stmt" count="4"/>
        <line num="37" type="stmt" count="1"/>
        <line num="39" type="stmt" count="1"/>
        <line num="40" type="stmt" count="1"/>
        <line num="41" type="stmt" count="1"/>
        <line num="44" type="stmt" count="3"/>
        <line num="46" type="stmt" count="3"/>
        <line num="48" type="stmt" count="3"/>
        <line num="49" type="stmt" count="3"/>
        <line num="51" type="stmt" count="3"/>
        <line num="52" type="stmt" count="3"/>
        <line num="53" type="stmt" count="3"/>
        <line num="59" type="method" name="logout" visibility="public" complexity="1" crap="1" count="1"/>
        <line num="61" type="stmt" count="1"/>
        <line num="62" type="stmt" count="1"/>
        <line num="64" type="stmt" count="1"/>
        <line num="66" type="stmt" count="1"/>
        <line num="72" type="method" name="me" visibility="public" complexity="1" crap="1" count="1"/>
        <line num="74" type="stmt" count="1"/>
        <line num="76" type="stmt" count="1"/>
        <line num="77" type="stmt" count="1"/>
        <line num="78" type="stmt" count="1"/>
        <metrics loc="81" ncloc="72" classes="1" methods="3" coveredmethods="3" conditionals="0" coveredconditionals="0" statements="27" coveredstatements="27" elements="30" coveredelements="30"/>
      </file>
    </package>
    <package name="App\Http\Controllers">
      <file name="/home/ailton/Workspaces/Hug/Boilerplates/backend-app/app/Http/Controllers/Controller.php">
        <class name="App\Http\Controllers\Controller" namespace="App\Http\Controllers">
          <metrics complexity="0" methods="0" coveredmethods="0" conditionals="0" coveredconditionals="0" statements="0" coveredstatements="0" elements="0" coveredelements="0"/>
        </class>
        <metrics loc="9" ncloc="8" classes="0" methods="0" coveredmethods="0" conditionals="0" coveredconditionals="0" statements="0" coveredstatements="0" elements="0" coveredelements="0"/>
      </file>
    </package>
    <package name="App\Http\Middleware">
      <file name="/home/ailton/Workspaces/Hug/Boilerplates/backend-app/app/Http/Middleware/HandleRequestTrace.php">
        <class name="App\Http\Middleware\HandleRequestTrace" namespace="App\Http\Middleware">
          <metrics complexity="1" methods="1" coveredmethods="1" conditionals="0" coveredconditionals="0" statements="2" coveredstatements="2" elements="3" coveredelements="3"/>
        </class>
        <line num="18" type="method" name="handle" visibility="public" complexity="1" crap="1" count="59"/>
        <line num="20" type="stmt" count="59"/>
        <line num="22" type="stmt" count="59"/>
        <metrics loc="25" ncloc="20" classes="1" methods="1" coveredmethods="1" conditionals="0" coveredconditionals="0" statements="2" coveredstatements="2" elements="3" coveredelements="3"/>
      </file>
    </package>
    <package name="App\Http\Requests\Admin">
      <file name="/home/ailton/Workspaces/Hug/Boilerplates/backend-app/app/Http/Requests/Admin/StoreRoleRequest.php">
        <class name="App\Http\Requests\Admin\StoreRoleRequest" namespace="App\Http\Requests\Admin">
          <metrics complexity="2" methods="2" coveredmethods="2" conditionals="0" coveredconditionals="0" statements="4" coveredstatements="4" elements="6" coveredelements="6"/>
        </class>
        <line num="9" type="method" name="authorize" visibility="public" complexity="1" crap="1" count="4"/>
        <line num="11" type="stmt" count="4"/>
        <line num="17" type="method" name="rules" visibility="public" complexity="1" crap="1" count="7"/>
        <line num="19" type="stmt" count="7"/>
        <line num="20" type="stmt" count="7"/>
        <line num="21" type="stmt" count="7"/>
        <metrics loc="24" ncloc="21" classes="1" methods="2" coveredmethods="2" conditionals="0" coveredconditionals="0" statements="4" coveredstatements="4" elements="6" coveredelements="6"/>
      </file>
      <file name="/home/ailton/Workspaces/Hug/Boilerplates/backend-app/app/Http/Requests/Admin/StoreUserRequest.php">
        <class name="App\Http\Requests\Admin\StoreUserRequest" namespace="App\Http\Requests\Admin">
          <metrics complexity="2" methods="2" coveredmethods="2" conditionals="0" coveredconditionals="0" statements="7" coveredstatements="7" elements="9" coveredelements="9"/>
        </class>
        <line num="9" type="method" name="authorize" visibility="public" complexity="1" crap="1" count="5"/>
        <line num="11" type="stmt" count="5"/>
        <line num="17" type="method" name="rules" visibility="public" complexity="1" crap="1" count="13"/>
        <line num="19" type="stmt" count="13"/>
        <line num="20" type="stmt" count="13"/>
        <line num="21" type="stmt" count="13"/>
        <line num="22" type="stmt" count="13"/>
        <line num="23" type="stmt" count="13"/>
        <line num="24" type="stmt" count="13"/>
        <metrics loc="27" ncloc="24" classes="1" methods="2" coveredmethods="2" conditionals="0" coveredconditionals="0" statements="7" coveredstatements="7" elements="9" coveredelements="9"/>
      </file>
      <file name="/home/ailton/Workspaces/Hug/Boilerplates/backend-app/app/Http/Requests/Admin/SyncPermissionsRequest.php">
        <class name="App\Http\Requests\Admin\SyncPermissionsRequest" namespace="App\Http\Requests\Admin">
          <metrics complexity="2" methods="2" coveredmethods="2" conditionals="0" coveredconditionals="0" statements="5" coveredstatements="5" elements="7" coveredelements="7"/>
        </class>
        <line num="9" type="method" name="authorize" visibility="public" complexity="1" crap="1" count="5"/>
        <line num="11" type="stmt" count="5"/>
        <line num="17" type="method" name="rules" visibility="public" complexity="1" crap="1" count="9"/>
        <line num="19" type="stmt" count="9"/>
        <line num="20" type="stmt" count="9"/>
        <line num="21" type="stmt" count="9"/>
        <line num="22" type="stmt" count="9"/>
        <metrics loc="25" ncloc="22" classes="1" methods="2" coveredmethods="2" conditionals="0" coveredconditionals="0" statements="5" coveredstatements="5" elements="7" coveredelements="7"/>
      </file>
      <file name="/home/ailton/Workspaces/Hug/Boilerplates/backend-app/app/Http/Requests/Admin/SyncRolesRequest.php">
        <class name="App\Http\Requests\Admin\SyncRolesRequest" namespace="App\Http\Requests\Admin">
          <metrics complexity="2" methods="2" coveredmethods="2" conditionals="0" coveredconditionals="0" statements="5" coveredstatements="5" elements="7" coveredelements="7"/>
        </class>
        <line num="9" type="method" name="authorize" visibility="public" complexity="1" crap="1" count="3"/>
        <line num="11" type="stmt" count="3"/>
        <line num="17" type="method" name="rules" visibility="public" complexity="1" crap="1" count="7"/>
        <line num="19" type="stmt" count="7"/>
        <line num="20" type="stmt" count="7"/>
        <line num="21" type="stmt" count="7"/>
        <line num="22" type="stmt" count="7"/>
        <metrics loc="25" ncloc="22" classes="1" methods="2" coveredmethods="2" conditionals="0" coveredconditionals="0" statements="5" coveredstatements="5" elements="7" coveredelements="7"/>
      </file>
      <file name="/home/ailton/Workspaces/Hug/Boilerplates/backend-app/app/Http/Requests/Admin/UpdateRoleRequest.php">
        <class name="App\Http\Requests\Admin\UpdateRoleRequest" namespace="App\Http\Requests\Admin">
          <metrics complexity="2" methods="2" coveredmethods="2" conditionals="0" coveredconditionals="0" statements="5" coveredstatements="5" elements="7" coveredelements="7"/>
        </class>
        <line num="9" type="method" name="authorize" visibility="public" complexity="1" crap="1" count="4"/>
        <line num="11" type="stmt" count="4"/>
        <line num="17" type="method" name="rules" visibility="public" complexity="1" crap="1" count="7"/>
        <line num="19" type="stmt" count="7"/>
        <line num="21" type="stmt" count="7"/>
        <line num="22" type="stmt" count="7"/>
        <line num="23" type="stmt" count="7"/>
        <metrics loc="26" ncloc="23" classes="1" methods="2" coveredmethods="2" conditionals="0" coveredconditionals="0" statements="5" coveredstatements="5" elements="7" coveredelements="7"/>
      </file>
      <file name="/home/ailton/Workspaces/Hug/Boilerplates/backend-app/app/Http/Requests/Admin/UpdateUserRequest.php">
        <class name="App\Http\Requests\Admin\UpdateUserRequest" namespace="App\Http\Requests\Admin">
          <metrics complexity="2" methods="2" coveredmethods="2" conditionals="0" coveredconditionals="0" statements="8" coveredstatements="8" elements="10" coveredelements="10"/>
        </class>
        <line num="9" type="method" name="authorize" visibility="public" complexity="1" crap="1" count="4"/>
        <line num="11" type="stmt" count="4"/>
        <line num="17" type="method" name="rules" visibility="public" complexity="1" crap="1" count="9"/>
        <line num="19" type="stmt" count="9"/>
        <line num="21" type="stmt" count="9"/>
        <line num="22" type="stmt" count="9"/>
        <line num="23" type="stmt" count="9"/>
        <line num="24" type="stmt" count="9"/>
        <line num="25" type="stmt" count="9"/>
        <line num="26" type="stmt" count="9"/>
        <metrics loc="29" ncloc="26" classes="1" methods="2" coveredmethods="2" conditionals="0" coveredconditionals="0" statements="8" coveredstatements="8" elements="10" coveredelements="10"/>
      </file>
    </package>
    <package name="App\Http\Requests\Auth">
      <file name="/home/ailton/Workspaces/Hug/Boilerplates/backend-app/app/Http/Requests/Auth/LoginRequest.php">
        <class name="App\Http\Requests\Auth\LoginRequest" namespace="App\Http\Requests\Auth">
          <metrics complexity="2" methods="2" coveredmethods="2" conditionals="0" coveredconditionals="0" statements="5" coveredstatements="5" elements="7" coveredelements="7"/>
        </class>
        <line num="12" type="method" name="authorize" visibility="public" complexity="1" crap="1" count="8"/>
        <line num="14" type="stmt" count="8"/>
        <line num="22" type="method" name="rules" visibility="public" complexity="1" crap="1" count="12"/>
        <line num="24" type="stmt" count="12"/>
        <line num="25" type="stmt" count="12"/>
        <line num="26" type="stmt" count="12"/>
        <line num="27" type="stmt" count="12"/>
        <metrics loc="30" ncloc="22" classes="1" methods="2" coveredmethods="2" conditionals="0" coveredconditionals="0" statements="5" coveredstatements="5" elements="7" coveredelements="7"/>
      </file>
    </package>
    <package name="App\Http\Resources\Admin">
      <file name="/home/ailton/Workspaces/Hug/Boilerplates/backend-app/app/Http/Resources/Admin/AuditLogResource.php">
        <class name="App\Http\Resources\Admin\AuditLogResource" namespace="App\Http\Resources\Admin">
          <metrics complexity="1" methods="1" coveredmethods="1" conditionals="0" coveredconditionals="0" statements="12" coveredstatements="12" elements="13" coveredelements="13"/>
        </class>
        <line num="13" type="method" name="toArray" visibility="public" complexity="1" crap="1" count="11"/>
        <line num="15" type="stmt" count="11"/>
        <line num="16" type="stmt" count="11"/>
        <line num="17" type="stmt" count="11"/>
        <line num="18" type="stmt" count="11"/>
        <line num="19" type="stmt" count="11"/>
        <line num="20" type="stmt" count="11"/>
        <line num="21" type="stmt" count="11"/>
        <line num="22" type="stmt" count="11"/>
        <line num="23" type="stmt" count="11"/>
        <line num="24" type="stmt" count="11"/>
        <line num="25" type="stmt" count="11"/>
        <line num="26" type="stmt" count="11"/>
        <metrics loc="29" ncloc="26" classes="1" methods="1" coveredmethods="1" conditionals="0" coveredconditionals="0" statements="12" coveredstatements="12" elements="13" coveredelements="13"/>
      </file>
      <file name="/home/ailton/Workspaces/Hug/Boilerplates/backend-app/app/Http/Resources/Admin/PermissionResource.php">
        <class name="App\Http\Resources\Admin\PermissionResource" namespace="App\Http\Resources\Admin">
          <metrics complexity="1" methods="1" coveredmethods="1" conditionals="0" coveredconditionals="0" statements="9" coveredstatements="9" elements="10" coveredelements="10"/>
        </class>
        <line num="13" type="method" name="toArray" visibility="public" complexity="1" crap="1" count="7"/>
        <line num="15" type="stmt" count="7"/>
        <line num="16" type="stmt" count="7"/>
        <line num="17" type="stmt" count="7"/>
        <line num="18" type="stmt" count="7"/>
        <line num="19" type="stmt" count="7"/>
        <line num="20" type="stmt" count="7"/>
        <line num="21" type="stmt" count="7"/>
        <line num="22" type="stmt" count="7"/>
        <line num="23" type="stmt" count="7"/>
        <metrics loc="26" ncloc="23" classes="1" methods="1" coveredmethods="1" conditionals="0" coveredconditionals="0" statements="9" coveredstatements="9" elements="10" coveredelements="10"/>
      </file>
      <file name="/home/ailton/Workspaces/Hug/Boilerplates/backend-app/app/Http/Resources/Admin/RoleResource.php">
        <class name="App\Http\Resources\Admin\RoleResource" namespace="App\Http\Resources\Admin">
          <metrics complexity="1" methods="1" coveredmethods="1" conditionals="0" coveredconditionals="0" statements="8" coveredstatements="8" elements="9" coveredelements="9"/>
        </class>
        <line num="13" type="method" name="toArray" visibility="public" complexity="1" crap="1" count="12"/>
        <line num="15" type="stmt" count="12"/>
        <line num="16" type="stmt" count="12"/>
        <line num="17" type="stmt" count="12"/>
        <line num="18" type="stmt" count="12"/>
        <line num="19" type="stmt" count="12"/>
        <line num="20" type="stmt" count="12"/>
        <line num="21" type="stmt" count="12"/>
        <line num="22" type="stmt" count="12"/>
        <metrics loc="25" ncloc="22" classes="1" methods="1" coveredmethods="1" conditionals="0" coveredconditionals="0" statements="8" coveredstatements="8" elements="9" coveredelements="9"/>
      </file>
    </package>
    <package name="App\Http\Resources\Auth">
      <file name="/home/ailton/Workspaces/Hug/Boilerplates/backend-app/app/Http/Resources/Auth/UserResource.php">
        <class name="App\Http\Resources\Auth\UserResource" namespace="App\Http\Resources\Auth">
          <metrics complexity="1" methods="1" coveredmethods="1" conditionals="0" coveredconditionals="0" statements="11" coveredstatements="11" elements="12" coveredelements="12"/>
        </class>
        <line num="13" type="method" name="toArray" visibility="public" complexity="1" crap="1" count="17"/>
        <line num="15" type="stmt" count="17"/>
        <line num="16" type="stmt" count="17"/>
        <line num="17" type="stmt" count="17"/>
        <line num="18" type="stmt" count="17"/>
        <line num="19" type="stmt" count="17"/>
        <line num="20" type="stmt" count="17"/>
        <line num="21" type="stmt" count="17"/>
        <line num="22" type="stmt" count="17"/>
        <line num="23" type="stmt" count="17"/>
        <line num="24" type="stmt" count="17"/>
        <line num="25" type="stmt" count="17"/>
        <metrics loc="28" ncloc="25" classes="1" methods="1" coveredmethods="1" conditionals="0" coveredconditionals="0" statements="11" coveredstatements="11" elements="12" coveredelements="12"/>
      </file>
    </package>
    <package name="App\Logging\Formatters">
      <file name="/home/ailton/Workspaces/Hug/Boilerplates/backend-app/app/Logging/Formatters/CleanJsonFormatter.php">
        <class name="App\Logging\Formatters\CleanJsonFormatter" namespace="App\Logging\Formatters">
          <metrics complexity="1" methods="1" coveredmethods="0" conditionals="0" coveredconditionals="0" statements="4" coveredstatements="0" elements="5" coveredelements="0"/>
        </class>
        <line num="13" type="method" name="format" visibility="public" complexity="1" crap="2" count="0"/>
        <line num="16" type="stmt" count="0"/>
        <line num="17" type="stmt" count="0"/>
        <line num="20" type="stmt" count="0"/>
        <line num="22" type="stmt" count="0"/>
        <metrics loc="25" ncloc="20" classes="1" methods="1" coveredmethods="0" conditionals="0" coveredconditionals="0" statements="4" coveredstatements="0" elements="5" coveredelements="0"/>
      </file>
    </package>
    <package name="App\Models">
      <file name="/home/ailton/Workspaces/Hug/Boilerplates/backend-app/app/Models/AuditLog.php">
        <class name="App\Models\AuditLog" namespace="App\Models">
          <metrics complexity="8" methods="7" coveredmethods="7" conditionals="0" coveredconditionals="0" statements="19" coveredstatements="19" elements="26" coveredelements="26"/>
        </class>
        <line num="25" type="method" name="casts" visibility="protected" complexity="1" crap="1" count="48"/>
        <line num="27" type="stmt" count="48"/>
        <line num="28" type="stmt" count="48"/>
        <line num="29" type="stmt" count="48"/>
        <line num="30" type="stmt" count="48"/>
        <line num="33" type="method" name="user" visibility="public" complexity="1" crap="1" count="12"/>
        <line num="35" type="stmt" count="12"/>
        <line num="38" type="method" name="scopeByUser" visibility="public" complexity="1" crap="1" count="3"/>
        <line num="40" type="stmt" count="3"/>
        <line num="43" type="method" name="scopeByAction" visibility="public" complexity="1" crap="1" count="3"/>
        <line num="45" type="stmt" count="3"/>
        <line num="48" type="method" name="scopeByEntity" visibility="public" complexity="1" crap="1" count="3"/>
        <line num="50" type="stmt" count="3"/>
        <line num="53" type="method" name="scopeByDateRange" visibility="public" complexity="1" crap="1" count="4"/>
        <line num="55" type="stmt" count="4"/>
        <line num="56" type="stmt" count="4"/>
        <line num="57" type="stmt" count="4"/>
        <line num="60" type="method" name="scopeFilterData" visibility="public" complexity="2" crap="2" count="9"/>
        <line num="62" type="stmt" count="9"/>
        <line num="63" type="stmt" count="9"/>
        <line num="64" type="stmt" count="9"/>
        <line num="65" type="stmt" count="9"/>
        <line num="66" type="stmt" count="9"/>
        <line num="67" type="stmt" count="9"/>
        <line num="68" type="stmt" count="9"/>
        <line num="69" type="stmt" count="9"/>
        <metrics loc="72" ncloc="71" classes="1" methods="7" coveredmethods="7" conditionals="0" coveredconditionals="0" statements="19" coveredstatements="19" elements="26" coveredelements="26"/>
      </file>
      <file name="/home/ailton/Workspaces/Hug/Boilerplates/backend-app/app/Models/Permission.php">
        <class name="App\Models\Permission" namespace="App\Models">
          <metrics complexity="0" methods="0" coveredmethods="0" conditionals="0" coveredconditionals="0" statements="0" coveredstatements="0" elements="0" coveredelements="0"/>
        </class>
        <metrics loc="20" ncloc="20" classes="0" methods="0" coveredmethods="0" conditionals="0" coveredconditionals="0" statements="0" coveredstatements="0" elements="0" coveredelements="0"/>
      </file>
      <file name="/home/ailton/Workspaces/Hug/Boilerplates/backend-app/app/Models/User.php">
        <class name="App\Models\User" namespace="App\Models">
          <metrics complexity="1" methods="1" coveredmethods="1" conditionals="0" coveredconditionals="0" statements="6" coveredstatements="6" elements="7" coveredelements="7"/>
        </class>
        <line num="43" type="method" name="casts" visibility="protected" complexity="1" crap="1" count="82"/>
        <line num="45" type="stmt" count="82"/>
        <line num="46" type="stmt" count="82"/>
        <line num="47" type="stmt" count="82"/>
        <line num="48" type="stmt" count="82"/>
        <line num="49" type="stmt" count="82"/>
        <line num="50" type="stmt" count="82"/>
        <metrics loc="53" ncloc="43" classes="1" methods="1" coveredmethods="1" conditionals="0" coveredconditionals="0" statements="6" coveredstatements="6" elements="7" coveredelements="7"/>
      </file>
    </package>
    <package name="App\Providers">
      <file name="/home/ailton/Workspaces/Hug/Boilerplates/backend-app/app/Providers/AppServiceProvider.php">
        <class name="App\Providers\AppServiceProvider" namespace="App\Providers">
          <metrics complexity="3" methods="2" coveredmethods="2" conditionals="0" coveredconditionals="0" statements="7" coveredstatements="7" elements="9" coveredelements="9"/>
        </class>
        <line num="15" type="method" name="register" visibility="public" complexity="1" crap="1" count="169"/>
        <line num="18" type="stmt" count="169"/>
        <line num="23" type="method" name="boot" visibility="public" complexity="2" crap="2" count="169"/>
        <line num="25" type="stmt" count="169"/>
        <line num="26" type="stmt" count="25"/>
        <line num="27" type="stmt" count="169"/>
        <line num="29" type="stmt" count="169"/>
        <line num="30" type="stmt" count="50"/>
        <line num="31" type="stmt" count="169"/>
        <metrics loc="34" ncloc="27" classes="1" methods="2" coveredmethods="2" conditionals="0" coveredconditionals="0" statements="7" coveredstatements="7" elements="9" coveredelements="9"/>
      </file>
      <file name="/home/ailton/Workspaces/Hug/Boilerplates/backend-app/app/Providers/SwaggerUiServiceProvider.php">
        <class name="App\Providers\SwaggerUiServiceProvider" namespace="App\Providers">
          <metrics complexity="1" methods="1" coveredmethods="0" conditionals="0" coveredconditionals="0" statements="3" coveredstatements="2" elements="4" coveredelements="2"/>
        </class>
        <line num="10" type="method" name="boot" visibility="public" complexity="1" crap="1.04" count="169"/>
        <line num="12" type="stmt" count="169"/>
        <line num="13" type="stmt" count="0"/>
        <line num="14" type="stmt" count="169"/>
        <metrics loc="17" ncloc="17" classes="1" methods="1" coveredmethods="0" conditionals="0" coveredconditionals="0" statements="3" coveredstatements="2" elements="4" coveredelements="2"/>
      </file>
    </package>
    <metrics files="27" loc="1006" ncloc="930" classes="25" methods="63" coveredmethods="61" conditionals="0" coveredconditionals="0" statements="264" coveredstatements="259" elements="327" coveredelements="320"/>
  </project>
</coverage>
